<fileupload size="7243542">
  <file name="DevWeb.jar" tmpfile="/home/deebee07/tmp/Cpanel_Form_file.upload.bvUgWV4UzIdL1Xy9">
    <progress bytes="146416" bps="31203.89"></progress>
    <progress bytes="211952" bps="31427.49"></progress>
    <progress bytes="277488" bps="50646.02"></progress>
    <progress bytes="343024" bps="38796.95"></progress>
    <progress bytes="408560" bps="24439.29"></progress>
    <progress bytes="474096" bps="43761.94"></progress>
    <progress bytes="539632" bps="54279.11"></progress>
    <progress bytes="605168" bps="40245.66"></progress>
    <progress bytes="670704" bps="54462.20"></progress>
    <progress bytes="736240" bps="55177.48"></progress>
    <progress bytes="801776" bps="42679.78"></progress>
    <progress bytes="867312" bps="61167.59"></progress>
    <progress bytes="932848" bps="33852.92"></progress>
    <progress bytes="998384" bps="35342.20"></progress>
    <progress bytes="1063920" bps="54552.10"></progress>
    <progress bytes="1129456" bps="55898.87"></progress>
    <progress bytes="1194992" bps="54872.84"></progress>
    <progress bytes="1260528" bps="74240.73"></progress>
    <progress bytes="1326064" bps="78869.14"></progress>
    <progress bytes="1391600" bps="66212.96"></progress>
    <progress bytes="1457136" bps="36661.94"></progress>
    <progress bytes="1522672" bps="55377.64"></progress>
    <progress bytes="1588208" bps="41580.59"></progress>
    <progress bytes="1653744" bps="31367.04"></progress>
    <progress bytes="1719280" bps="23453.52"></progress>
    <progress bytes="1784816" bps="31256.95"></progress>
    <progress bytes="1850352" bps="31468.24"></progress>
    <progress bytes="1915888" bps="43606.45"></progress>
    <progress bytes="1981424" bps="23742.48"></progress>
    <progress bytes="2046960" bps="36269.69"></progress>
    <progress bytes="2112496" bps="36513.46"></progress>
    <progress bytes="2178032" bps="58292.83"></progress>
    <progress bytes="2243568" bps="33237.95"></progress>
    <progress bytes="2309104" bps="26881.14"></progress>
    <progress bytes="2374640" bps="36752.61"></progress>
    <progress bytes="2440176" bps="31237.25"></progress>
    <progress bytes="2505712" bps="26268.98"></progress>
    <progress bytes="2571248" bps="24518.51"></progress>
    <progress bytes="2636784" bps="31654.69"></progress>
    <progress bytes="2702320" bps="55119.51"></progress>
    <progress bytes="2767856" bps="39015.21"></progress>
    <progress bytes="2833392" bps="43286.77"></progress>
    <progress bytes="2898928" bps="24453.21"></progress>
    <progress bytes="2964464" bps="30414.45"></progress>
    <progress bytes="3030000" bps="38934.44"></progress>
    <progress bytes="3095536" bps="35445.17"></progress>
    <progress bytes="3161072" bps="34306.90"></progress>
    <progress bytes="3226608" bps="20960.12"></progress>
    <progress bytes="3292144" bps="37104.03"></progress>
    <progress bytes="3357680" bps="30750.40"></progress>
    <progress bytes="3423216" bps="27347.14"></progress>
    <progress bytes="3488752" bps="53767.39"></progress>
    <progress bytes="3554288" bps="45745.88"></progress>
    <progress bytes="3619824" bps="33485.60"></progress>
    <progress bytes="3685360" bps="31453.69"></progress>
    <progress bytes="3750896" bps="34979.15"></progress>
    <progress bytes="3816432" bps="42093.90"></progress>
    <progress bytes="3881968" bps="27221.43"></progress>
    <progress bytes="3947504" bps="31832.34"></progress>
    <progress bytes="4013040" bps="35664.49"></progress>
    <progress bytes="4078576" bps="24728.53"></progress>
    <progress bytes="4144112" bps="27244.98"></progress>
    <progress bytes="4209648" bps="37352.86"></progress>
    <progress bytes="4275184" bps="43275.71"></progress>
    <progress bytes="4340720" bps="33681.99"></progress>
    <progress bytes="4406256" bps="43708.65"></progress>
    <progress bytes="4471792" bps="21220.89"></progress>
    <progress bytes="4537328" bps="24040.16"></progress>
    <progress bytes="4602864" bps="31682.53"></progress>
    <progress bytes="4668400" bps="54394.49"></progress>
    <progress bytes="4733936" bps="73190.56"></progress>
    <progress bytes="4799472" bps="47729.78"></progress>
    <progress bytes="4865008" bps="19465.35"></progress>
    <progress bytes="4930544" bps="36493.45"></progress>
    <progress bytes="4996080" bps="26060.84"></progress>
    <progress bytes="5061616" bps="36878.35"></progress>
    <progress bytes="5127152" bps="54725.38"></progress>
    <progress bytes="5192688" bps="41398.78"></progress>
    <progress bytes="5258224" bps="36257.23"></progress>
    <progress bytes="5323760" bps="26792.01"></progress>
    <progress bytes="5389296" bps="44384.58"></progress>
    <progress bytes="5454832" bps="54984.43"></progress>
    <progress bytes="5520368" bps="36484.15"></progress>
    <progress bytes="5585904" bps="36846.48"></progress>
    <progress bytes="5651440" bps="25889.50"></progress>
    <progress bytes="5716976" bps="36684.88"></progress>
    <progress bytes="5782512" bps="35047.56"></progress>
    <progress bytes="5848048" bps="42559.91"></progress>
    <progress bytes="5913584" bps="27175.92"></progress>
    <progress bytes="5979120" bps="27358.15"></progress>
    <progress bytes="6044656" bps="30080.70"></progress>
    <progress bytes="6110192" bps="27918.41"></progress>
    <progress bytes="6175728" bps="31916.53"></progress>
    <progress bytes="6241264" bps="54034.27"></progress>
    <progress bytes="6306800" bps="42975.33"></progress>
    <progress bytes="6372336" bps="51096.89"></progress>
    <progress bytes="6437872" bps="55372.21"></progress>
    <progress bytes="6503408" bps="46543.80"></progress>
    <progress bytes="6568944" bps="44188.79"></progress>
    <progress bytes="6634480" bps="31813.73"></progress>
    <progress bytes="6700016" bps="44306.95"></progress>
    <progress bytes="6765552" bps="32855.94"></progress>
    <progress bytes="6831088" bps="36609.24"></progress>
    <progress bytes="6896624" bps="56342.82"></progress>
    <progress bytes="6962160" bps="65549.18"></progress>
    <progress bytes="7027696" bps="30857.78"></progress>
    <progress bytes="7093232" bps="30847.61"></progress>
    <progress bytes="7158768" bps="35583.12"></progress>
    <progress bytes="7224304" bps="51953.24"></progress>
    <progress bytes="7242458" bps="60059.48"></progress>
    <progress filesize="7242456" complete="1"></progress>
  </file>
</fileupload>
